           :-) GROMACS - gmx mdrun, 2023.3-Ubuntu_2023.3_1ubuntu3 (-:

Copyright 1991-2023 The GROMACS Authors.
GROMACS is free software; you can redistribute it and/or modify it
under the terms of the GNU Lesser General Public License
as published by the Free Software Foundation; either version 2.1
of the License, or (at your option) any later version.

                         Current GROMACS contributors:
       Mark Abraham           Andrey Alekseenko           Cathrine Bergh      
      Christian Blau            Eliane Briand             Mahesh Doijade      
    Stefan Fleischmann           Vytas Gapsys              Gaurav Garg        
      Sergey Gorelov         Gilles Gouaillardet            Alan Gray         
     M. Eric Irrgang         Farzaneh Jalalypour            Joe Jordan        
    Christoph Junghans        Prashanth Kanduri          Sebastian Keller     
     Carsten Kutzner           Justin A. Lemkul          Magnus Lundborg      
       Pascal Merz              Vedran Miletic            Dmitry Morozov      
       Szilard Pall             Roland Schulz             Michael Shirts      
     Alexey Shvetsov            Balint Soproni         David van der Spoel    
      Philip Turner             Carsten Uphoff           Alessandra Villa     
 Sebastian Wingbermuehle        Artem Zhmurov       

                         Previous GROMACS contributors:
        Emile Apol             Rossen Apostolov           James Barnett       
  Herman J.C. Berendsen          Par Bjelkmar           Viacheslav Bolnykh    
        Kevin Boyd            Aldert van Buuren          Carlo Camilloni      
     Rudi van Drunen            Anton Feenstra           Oliver Fleetwood     
     Gerrit Groenhof            Bert de Groot             Anca Hamuraru       
    Vincent Hindriksen          Victor Holanda           Aleksei Iupinov      
   Dimitrios Karkoulis           Peter Kasson             Sebastian Kehl      
        Jiri Kraus               Per Larsson              Viveca Lindahl      
      Erik Marklund           Pieter Meulenhoff           Teemu Murtola       
       Sander Pronk             Alfons Sijbers            Peter Tieleman      
       Jon Vincent             Teemu Virolainen         Christian Wennberg    
       Maarten Wolf       

                  Coordinated by the GROMACS project leaders:
                    Paul Bauer, Berk Hess, and Erik Lindahl

GROMACS:      gmx mdrun, version 2023.3-Ubuntu_2023.3_1ubuntu3
Executable:   /usr/bin/gmx
Data prefix:  /usr
Working dir:  /external/Programming/Amrita/IMS/gromacs/build
Process ID:   23774
Command line:
  gmx mdrun -v -deffnm md_0_1

GROMACS version:    2023.3-Ubuntu_2023.3_1ubuntu3
Precision:          mixed
Memory model:       64 bit
MPI library:        thread_mpi
OpenMP support:     enabled (GMX_OPENMP_MAX_THREADS = 128)
GPU support:        disabled
SIMD instructions:  SSE4.1
CPU FFT library:    fftw-3.3.10-sse2-avx
GPU FFT library:    none
Multi-GPU FFT:      none
RDTSCP usage:       enabled
TNG support:        enabled
Hwloc support:      hwloc-2.8.0
Tracing support:    disabled
C compiler:         /usr/bin/cc GNU 13.2.0
C compiler flags:   -fexcess-precision=fast -funroll-all-loops -msse4.1 -Wno-missing-field-initializers -O3 -DNDEBUG
C++ compiler:       /usr/bin/c++ GNU 13.2.0
C++ compiler flags: -fexcess-precision=fast -funroll-all-loops -msse4.1 -Wno-missing-field-initializers -Wno-cast-function-type-strict SHELL:-fopenmp -O3 -DNDEBUG
BLAS library:       External - detected on the system
LAPACK library:     External - detected on the system


Running on 1 node with total 6 cores, 12 processing units
Hardware detected on host csral-shadow:
  CPU info:
    Vendor: AMD
    Brand:  AMD Ryzen 5 4600H with Radeon Graphics         
    Family: 23   Model: 96   Stepping: 1
    Features: aes amd apic avx avx2 clfsh cmov cx8 cx16 f16c fma htt lahf misalignsse mmx msr nonstop_tsc pclmuldq pdpe1gb popcnt pse rdrnd rdtscp sha sse2 sse3 sse4a sse4.1 sse4.2 ssse3
  Hardware topology: Full, with devices
    Packages, cores, and logical processors:
    [indices refer to OS logical processors]
      Package  0: [   0   1] [   2   3] [   4   5] [   6   7] [   8   9] [  10  11]
    CPU limit set by OS: -1   Recommended max number of threads: 12
    Numa nodes:
      Node  0 (24522502144 bytes mem):   0   1   2   3   4   5   6   7   8   9  10  11
      Latency:
               0
         0  1.00
    Caches:
      L1: 32768 bytes, linesize 64 bytes, assoc. 8, shared 2 ways
      L2: 524288 bytes, linesize 64 bytes, assoc. 8, shared 2 ways
      L3: 4194304 bytes, linesize 64 bytes, assoc. 16, shared 6 ways
    PCI devices:
      0000:01:00.0  Id: 10de:1f99  Class: 0x0300  Numa: 0
      0000:02:00.0  Id: 10ec:8168  Class: 0x0200  Numa: 0
      0000:03:00.0  Id: 8086:2723  Class: 0x0280  Numa: 0
      0000:04:00.0  Id: 144d:a80a  Class: 0x0108  Numa: 0
      0000:05:00.0  Id: 1002:1636  Class: 0x0300  Numa: 0
      0000:06:00.0  Id: 1022:7901  Class: 0x0106  Numa: 0
      0000:06:00.1  Id: 1022:7901  Class: 0x0106  Numa: 0

Likely fastest SIMD instructions supported by all nodes: AVX2_256
SIMD instructions selected at compile time:              SSE4.1


++++ PLEASE READ AND CITE THE FOLLOWING REFERENCE ++++
M. J. Abraham, T. Murtola, R. Schulz, S. Páll, J. C. Smith, B. Hess, E.
Lindahl
GROMACS: High performance molecular simulations through multi-level
parallelism from laptops to supercomputers
SoftwareX 1 (2015) pp. 19-25
-------- -------- --- Thank You --- -------- --------


++++ PLEASE READ AND CITE THE FOLLOWING REFERENCE ++++
S. Páll, M. J. Abraham, C. Kutzner, B. Hess, E. Lindahl
Tackling Exascale Software Challenges in Molecular Dynamics Simulations with
GROMACS
In S. Markidis & E. Laure (Eds.), Solving Software Challenges for Exascale 8759 (2015) pp. 3-27
-------- -------- --- Thank You --- -------- --------


++++ PLEASE READ AND CITE THE FOLLOWING REFERENCE ++++
S. Pronk, S. Páll, R. Schulz, P. Larsson, P. Bjelkmar, R. Apostolov, M. R.
Shirts, J. C. Smith, P. M. Kasson, D. van der Spoel, B. Hess, and E. Lindahl
GROMACS 4.5: a high-throughput and highly parallel open source molecular
simulation toolkit
Bioinformatics 29 (2013) pp. 845-54
-------- -------- --- Thank You --- -------- --------


++++ PLEASE READ AND CITE THE FOLLOWING REFERENCE ++++
B. Hess and C. Kutzner and D. van der Spoel and E. Lindahl
GROMACS 4: Algorithms for highly efficient, load-balanced, and scalable
molecular simulation
J. Chem. Theory Comput. 4 (2008) pp. 435-447
-------- -------- --- Thank You --- -------- --------


++++ PLEASE READ AND CITE THE FOLLOWING REFERENCE ++++
D. van der Spoel, E. Lindahl, B. Hess, G. Groenhof, A. E. Mark and H. J. C.
Berendsen
GROMACS: Fast, Flexible and Free
J. Comp. Chem. 26 (2005) pp. 1701-1719
-------- -------- --- Thank You --- -------- --------


++++ PLEASE READ AND CITE THE FOLLOWING REFERENCE ++++
E. Lindahl and B. Hess and D. van der Spoel
GROMACS 3.0: A package for molecular simulation and trajectory analysis
J. Mol. Mod. 7 (2001) pp. 306-317
-------- -------- --- Thank You --- -------- --------


++++ PLEASE READ AND CITE THE FOLLOWING REFERENCE ++++
H. J. C. Berendsen, D. van der Spoel and R. van Drunen
GROMACS: A message-passing parallel molecular dynamics implementation
Comp. Phys. Comm. 91 (1995) pp. 43-56
-------- -------- --- Thank You --- -------- --------

Input Parameters:
   integrator                     = md
   tinit                          = 0
   dt                             = 0.002
   nsteps                         = 275000
   init-step                      = 0
   simulation-part                = 1
   mts                            = false
   comm-mode                      = Linear
   nstcomm                        = 100
   bd-fric                        = 0
   ld-seed                        = -17596483
   emtol                          = 10
   emstep                         = 0.01
   niter                          = 20
   fcstep                         = 0
   nstcgsteep                     = 1000
   nbfgscorr                      = 10
   rtpi                           = 0.05
   nstxout                        = 0
   nstvout                        = 0
   nstfout                        = 0
   nstlog                         = 5000
   nstcalcenergy                  = 100
   nstenergy                      = 5000
   nstxout-compressed             = 5000
   compressed-x-precision         = 1000
   cutoff-scheme                  = Verlet
   nstlist                        = 10
   pbc                            = xyz
   periodic-molecules             = false
   verlet-buffer-tolerance        = 0.005
   rlist                          = 1
   coulombtype                    = PME
   coulomb-modifier               = Potential-shift
   rcoulomb-switch                = 0
   rcoulomb                       = 1
   epsilon-r                      = 1
   epsilon-rf                     = inf
   vdw-type                       = Cut-off
   vdw-modifier                   = Potential-shift
   rvdw-switch                    = 0
   rvdw                           = 1
   DispCorr                       = EnerPres
   table-extension                = 1
   fourierspacing                 = 0.16
   fourier-nx                     = 48
   fourier-ny                     = 48
   fourier-nz                     = 48
   pme-order                      = 4
   ewald-rtol                     = 1e-05
   ewald-rtol-lj                  = 0.001
   lj-pme-comb-rule               = Geometric
   ewald-geometry                 = 3d
   epsilon-surface                = 0
   ensemble-temperature-setting   = constant
   ensemble-temperature           = 300
   tcoupl                         = V-rescale
   nsttcouple                     = 10
   nh-chain-length                = 0
   print-nose-hoover-chain-variables = false
   pcoupl                         = Parrinello-Rahman
   pcoupltype                     = Isotropic
   nstpcouple                     = 50
   tau-p                          = 2
   compressibility (3x3):
      compressibility[    0]={ 4.50000e-05,  0.00000e+00,  0.00000e+00}
      compressibility[    1]={ 0.00000e+00,  4.50000e-05,  0.00000e+00}
      compressibility[    2]={ 0.00000e+00,  0.00000e+00,  4.50000e-05}
   ref-p (3x3):
      ref-p[    0]={ 1.00000e+00,  0.00000e+00,  0.00000e+00}
      ref-p[    1]={ 0.00000e+00,  1.00000e+00,  0.00000e+00}
      ref-p[    2]={ 0.00000e+00,  0.00000e+00,  1.00000e+00}
   refcoord-scaling               = No
   posres-com (3):
      posres-com[0]= 0.00000e+00
      posres-com[1]= 0.00000e+00
      posres-com[2]= 0.00000e+00
   posres-comB (3):
      posres-comB[0]= 0.00000e+00
      posres-comB[1]= 0.00000e+00
      posres-comB[2]= 0.00000e+00
   QMMM                           = false
qm-opts:
   ngQM                           = 0
   constraint-algorithm           = Lincs
   continuation                   = true
   Shake-SOR                      = false
   shake-tol                      = 0.0001
   lincs-order                    = 4
   lincs-iter                     = 1
   lincs-warnangle                = 30
   nwall                          = 0
   wall-type                      = 9-3
   wall-r-linpot                  = -1
   wall-atomtype[0]               = -1
   wall-atomtype[1]               = -1
   wall-density[0]                = 0
   wall-density[1]                = 0
   wall-ewald-zfac                = 3
   pull                           = false
   awh                            = false
   rotation                       = false
   interactiveMD                  = false
   disre                          = No
   disre-weighting                = Conservative
   disre-mixed                    = false
   dr-fc                          = 1000
   dr-tau                         = 0
   nstdisreout                    = 100
   orire-fc                       = 0
   orire-tau                      = 0
   nstorireout                    = 100
   free-energy                    = no
   cos-acceleration               = 0
   deform (3x3):
      deform[    0]={ 0.00000e+00,  0.00000e+00,  0.00000e+00}
      deform[    1]={ 0.00000e+00,  0.00000e+00,  0.00000e+00}
      deform[    2]={ 0.00000e+00,  0.00000e+00,  0.00000e+00}
   simulated-tempering            = false
   swapcoords                     = no
   userint1                       = 0
   userint2                       = 0
   userint3                       = 0
   userint4                       = 0
   userreal1                      = 0
   userreal2                      = 0
   userreal3                      = 0
   userreal4                      = 0
   applied-forces:
     electric-field:
       x:
         E0                       = 0
         omega                    = 0
         t0                       = 0
         sigma                    = 0
       y:
         E0                       = 0
         omega                    = 0
         t0                       = 0
         sigma                    = 0
       z:
         E0                       = 0
         omega                    = 0
         t0                       = 0
         sigma                    = 0
     density-guided-simulation:
       active                     = false
       group                      = protein
       similarity-measure         = inner-product
       atom-spreading-weight      = unity
       force-constant             = 1e+09
       gaussian-transform-spreading-width = 0.2
       gaussian-transform-spreading-range-in-multiples-of-width = 4
       reference-density-filename = reference.mrc
       nst                        = 1
       normalize-densities        = true
       adaptive-force-scaling     = false
       adaptive-force-scaling-time-constant = 4
       shift-vector               = 
       transformation-matrix      = 
     qmmm-cp2k:
       active                     = false
       qmgroup                    = System
       qmmethod                   = PBE
       qmfilenames                = 
       qmcharge                   = 0
       qmmultiplicity             = 1
grpopts:
   nrdf:     5944.79     77268.2
   ref-t:         300         300
   tau-t:         0.1         0.1
annealing:          No          No
annealing-npoints:           0           0
   acc:	           0           0           0
   nfreeze:           N           N           N
   energygrp-flags[  0]: 0

Changing nstlist from 10 to 50, rlist from 1 to 1.111


Initializing Domain Decomposition on 1 ranks
Dynamic load balancing: auto
Using update groups, nr 14093, average size 2.9 atoms, max. radius 0.104 nm
Minimum cell size due to atom displacement: 0.398 nm
Initial maximum distances in bonded interactions:
    two-body bonded interactions: 0.417 nm, LJ-14, atoms 1840 1848
  multi-body bonded interactions: 0.417 nm, Proper Dih., atoms 1840 1848
Minimum cell size due to bonded interactions: 0.459 nm
Using 0 separate PME ranks because: there are too few total ranks for efficient splitting
Optimizing the DD grid for 1 cells with a minimum initial size of 0.459 nm
The maximum allowed number of cells is: X 15 Y 15 Z 15
Domain decomposition grid 1 x 1 x 1, separate PME ranks 0
PME domain decomposition: 1 x 1 x 1

The initial number of communication pulses is:
The initial domain decomposition cell size is:

The maximum allowed distance for atom groups involved in interactions is:
                 non-bonded interactions           1.319 nm
(the following are initial values, they could change due to box deformation)
            two-body bonded interactions  (-rdd)   1.319 nm
          multi-body bonded interactions  (-rdd)   1.319 nm

When dynamic load balancing gets turned on, these settings will change to:
The maximum number of communication pulses is:
The minimum size for domain decomposition cells is 1.319 nm
The requested allowed shrink of DD cells (option -dds) is: 0.80
The allowed shrink of domain decomposition cells is:
The maximum allowed distance for atom groups involved in interactions is:
                 non-bonded interactions           1.319 nm
            two-body bonded interactions  (-rdd)   1.319 nm
          multi-body bonded interactions  (-rdd)   1.319 nm

Using 1 MPI thread
Using 12 OpenMP threads 

System total charge: -0.000
Will do PME sum in reciprocal space for electrostatic interactions.

++++ PLEASE READ AND CITE THE FOLLOWING REFERENCE ++++
U. Essmann, L. Perera, M. L. Berkowitz, T. Darden, H. Lee and L. G. Pedersen 
A smooth particle mesh Ewald method
J. Chem. Phys. 103 (1995) pp. 8577-8592
-------- -------- --- Thank You --- -------- --------

Using a Gaussian width (1/beta) of 0.320163 nm for Ewald
Potential shift: LJ r^-12: -1.000e+00 r^-6: -1.000e+00, Ewald -1.000e-05
Initialized non-bonded Coulomb Ewald tables, spacing: 9.33e-04 size: 1073

Generated table with 1055 data points for 1-4 COUL.
Tabscale = 500 points/nm
Generated table with 1055 data points for 1-4 LJ6.
Tabscale = 500 points/nm
Generated table with 1055 data points for 1-4 LJ12.
Tabscale = 500 points/nm
Long Range LJ corr.: <C6> 3.0324e-04


Using SIMD 4x4 nonbonded short-range kernels

Using a dual 4x4 pair-list setup updated with dynamic pruning:
  outer list: updated every 50 steps, buffer 0.111 nm, rlist 1.111 nm
  inner list: updated every 12 steps, buffer 0.003 nm, rlist 1.003 nm
At tolerance 0.005 kJ/mol/ps per atom, equivalent classical 1x1 list would be:
  outer list: updated every 50 steps, buffer 0.237 nm, rlist 1.237 nm
  inner list: updated every 12 steps, buffer 0.048 nm, rlist 1.048 nm

The non-bonded pair calculation algorithm tolerates a few missing pair interactions close to the cut-off. This can lead to a systematic overestimation of the pressure due to missing LJ interactions. The error in the average pressure due to missing LJ interactions is at most 0.37 bar.
The pressure error can be controlled by setting the environment variable GMX_VERLET_BUFFER_PRESSURE_TOLERANCE to the allowed error in units of bar.

Using Lorentz-Berthelot Lennard-Jones combination rule

Linking all bonded interactions to atoms


Pinning threads with an auto-selected logical cpu stride of 1

Initializing LINear Constraint Solver

++++ PLEASE READ AND CITE THE FOLLOWING REFERENCE ++++
B. Hess and H. Bekker and H. J. C. Berendsen and J. G. E. M. Fraaije
LINCS: A Linear Constraint Solver for molecular simulations
J. Comp. Chem. 18 (1997) pp. 1463-1472
-------- -------- --- Thank You --- -------- --------

The number of constraints is 1153

++++ PLEASE READ AND CITE THE FOLLOWING REFERENCE ++++
S. Miyamoto and P. A. Kollman
SETTLE: An Analytical Version of the SHAKE and RATTLE Algorithms for Rigid
Water Models
J. Comp. Chem. 13 (1992) pp. 952-962
-------- -------- --- Thank You --- -------- --------


++++ PLEASE READ AND CITE THE FOLLOWING REFERENCE ++++
G. Bussi, D. Donadio and M. Parrinello
Canonical sampling through velocity rescaling
J. Chem. Phys. 126 (2007) pp. 014101
-------- -------- --- Thank You --- -------- --------

There are: 41000 Atoms
Atom distribution over 1 domains: av 41000 stddev 0 min 41000 max 41000
Center of mass motion removal mode is Linear
We have the following groups for center of mass motion removal:
  0:  rest

Started mdrun on rank 0 Wed Feb 19 19:58:48 2025

           Step           Time
              0        0.00000

   Energies (kJ/mol)
           Bond          Angle    Proper Dih. Per. Imp. Dih.          LJ-14
    1.34058e+03    4.43567e+03    6.01547e+03    2.67353e+02    2.46245e+03
     Coulomb-14        LJ (SR)  Disper. corr.   Coulomb (SR)   Coul. recip.
    2.93976e+04    7.46580e+04   -5.57039e+03   -6.54842e+05    3.77183e+03
      Potential    Kinetic En.   Total Energy  Conserved En.    Temperature
   -5.38063e+05    1.04977e+05   -4.33087e+05   -4.33064e+05    3.03457e+02
 Pres. DC (bar) Pressure (bar)   Constr. rmsd
   -2.41846e+02    1.25397e+03    2.26227e-06

           Step           Time
           5000       10.00000

   Energies (kJ/mol)
           Bond          Angle    Proper Dih. Per. Imp. Dih.          LJ-14
    1.91942e+03    4.93882e+03    6.06315e+03    3.17432e+02    2.41130e+03
     Coulomb-14        LJ (SR)  Disper. corr.   Coulomb (SR)   Coul. recip.
    2.94306e+04    7.60954e+04   -5.13073e+03   -6.53565e+05    3.59859e+03
      Potential    Kinetic En.   Total Energy  Conserved En.    Temperature
   -5.33921e+05    1.02561e+05   -4.31360e+05   -4.28619e+05    2.96474e+02
 Pres. DC (bar) Pressure (bar)   Constr. rmsd
   -2.05215e+02   -2.61889e+02    2.82434e-06

           Step           Time
          10000       20.00000

   Energies (kJ/mol)
           Bond          Angle    Proper Dih. Per. Imp. Dih.          LJ-14
    1.90653e+03    5.01025e+03    5.99930e+03    3.54778e+02    2.37689e+03
     Coulomb-14        LJ (SR)  Disper. corr.   Coulomb (SR)   Coul. recip.
    2.92197e+04    7.64034e+04   -5.17115e+03   -6.53886e+05    3.68861e+03
      Potential    Kinetic En.   Total Energy  Conserved En.    Temperature
   -5.34098e+05    1.03636e+05   -4.30462e+05   -4.28237e+05    2.99582e+02
 Pres. DC (bar) Pressure (bar)   Constr. rmsd
   -2.08458e+02    2.76775e+01    2.99162e-06

           Step           Time
          15000       30.00000

   Energies (kJ/mol)
           Bond          Angle    Proper Dih. Per. Imp. Dih.          LJ-14
    1.90639e+03    5.03582e+03    6.06336e+03    3.42412e+02    2.35439e+03
     Coulomb-14        LJ (SR)  Disper. corr.   Coulomb (SR)   Coul. recip.
    2.92642e+04    7.67886e+04   -5.21642e+03   -6.56124e+05    3.68860e+03
      Potential    Kinetic En.   Total Energy  Conserved En.    Temperature
   -5.35897e+05    1.04113e+05   -4.31784e+05   -4.27947e+05    3.00960e+02
 Pres. DC (bar) Pressure (bar)   Constr. rmsd
   -2.12119e+02    1.73832e+02    2.96287e-06

           Step           Time
          20000       40.00000

   Energies (kJ/mol)
           Bond          Angle    Proper Dih. Per. Imp. Dih.          LJ-14
    1.86280e+03    4.90288e+03    6.21742e+03    3.46370e+02    2.40766e+03
     Coulomb-14        LJ (SR)  Disper. corr.   Coulomb (SR)   Coul. recip.
    2.93215e+04    7.67089e+04   -5.21109e+03   -6.55543e+05    3.65629e+03
      Potential    Kinetic En.   Total Energy  Conserved En.    Temperature
   -5.35330e+05    1.03810e+05   -4.31520e+05   -4.27731e+05    3.00085e+02
 Pres. DC (bar) Pressure (bar)   Constr. rmsd
   -2.11686e+02    1.19802e+02    2.82457e-06

           Step           Time
          25000       50.00000

   Energies (kJ/mol)
           Bond          Angle    Proper Dih. Per. Imp. Dih.          LJ-14
    1.81560e+03    4.96818e+03    6.03260e+03    2.72373e+02    2.41067e+03
     Coulomb-14        LJ (SR)  Disper. corr.   Coulomb (SR)   Coul. recip.
    2.92794e+04    7.64260e+04   -5.22897e+03   -6.56017e+05    3.61371e+03
      Potential    Kinetic En.   Total Energy  Conserved En.    Temperature
   -5.36427e+05    1.04203e+05   -4.32224e+05   -4.27481e+05    3.01222e+02
 Pres. DC (bar) Pressure (bar)   Constr. rmsd
   -2.13139e+02    1.28734e+02    2.68548e-06

           Step           Time
          30000       60.00000

   Energies (kJ/mol)
           Bond          Angle    Proper Dih. Per. Imp. Dih.          LJ-14
    1.78910e+03    4.96220e+03    6.08825e+03    3.06924e+02    2.42207e+03
     Coulomb-14        LJ (SR)  Disper. corr.   Coulomb (SR)   Coul. recip.
    2.93645e+04    7.55809e+04   -5.16249e+03   -6.53762e+05    3.57445e+03
      Potential    Kinetic En.   Total Energy  Conserved En.    Temperature
   -5.34836e+05    1.03873e+05   -4.30963e+05   -4.27146e+05    3.00266e+02
 Pres. DC (bar) Pressure (bar)   Constr. rmsd
   -2.07761e+02   -1.13400e+02    2.85283e-06

           Step           Time
          35000       70.00000

   Energies (kJ/mol)
           Bond          Angle    Proper Dih. Per. Imp. Dih.          LJ-14
    1.97639e+03    4.95756e+03    6.07039e+03    3.34806e+02    2.45385e+03
     Coulomb-14        LJ (SR)  Disper. corr.   Coulomb (SR)   Coul. recip.
    2.93493e+04    7.52249e+04   -5.13200e+03   -6.50794e+05    3.67451e+03
      Potential    Kinetic En.   Total Energy  Conserved En.    Temperature
   -5.31884e+05    1.04336e+05   -4.27548e+05   -4.26646e+05    3.01605e+02
 Pres. DC (bar) Pressure (bar)   Constr. rmsd
   -2.05316e+02   -1.21322e+02    2.82190e-06

           Step           Time
          40000       80.00000

   Energies (kJ/mol)
           Bond          Angle    Proper Dih. Per. Imp. Dih.          LJ-14
    1.96342e+03    5.11382e+03    6.04154e+03    2.96877e+02    2.46575e+03
     Coulomb-14        LJ (SR)  Disper. corr.   Coulomb (SR)   Coul. recip.
    2.93259e+04    7.50211e+04   -5.14353e+03   -6.51799e+05    3.57570e+03
      Potential    Kinetic En.   Total Energy  Conserved En.    Temperature
   -5.33139e+05    1.03828e+05   -4.29310e+05   -4.26105e+05    3.00138e+02
 Pres. DC (bar) Pressure (bar)   Constr. rmsd
   -2.06239e+02   -1.47215e+02    2.93912e-06

           Step           Time
          45000       90.00000

   Energies (kJ/mol)
           Bond          Angle    Proper Dih. Per. Imp. Dih.          LJ-14
    1.74569e+03    5.04532e+03    6.15469e+03    3.35111e+02    2.38831e+03
     Coulomb-14        LJ (SR)  Disper. corr.   Coulomb (SR)   Coul. recip.
    2.94223e+04    7.63900e+04   -5.14416e+03   -6.55296e+05    3.67273e+03
      Potential    Kinetic En.   Total Energy  Conserved En.    Temperature
   -5.35286e+05    1.03353e+05   -4.31933e+05   -4.25764e+05    2.98764e+02
 Pres. DC (bar) Pressure (bar)   Constr. rmsd
   -2.06290e+02   -1.00070e+02    3.11842e-06

           Step           Time
          50000      100.00000

   Energies (kJ/mol)
           Bond          Angle    Proper Dih. Per. Imp. Dih.          LJ-14
    1.77467e+03    4.80087e+03    6.05298e+03    3.21875e+02    2.37557e+03
     Coulomb-14        LJ (SR)  Disper. corr.   Coulomb (SR)   Coul. recip.
    2.93253e+04    7.57624e+04   -5.15555e+03   -6.54111e+05    3.64132e+03
      Potential    Kinetic En.   Total Energy  Conserved En.    Temperature
   -5.35211e+05    1.03775e+05   -4.31437e+05   -4.25464e+05    2.99982e+02
 Pres. DC (bar) Pressure (bar)   Constr. rmsd
   -2.07203e+02   -1.79024e+02    2.87002e-06

           Step           Time
          55000      110.00000

   Energies (kJ/mol)
           Bond          Angle    Proper Dih. Per. Imp. Dih.          LJ-14
    1.85633e+03    4.96960e+03    6.02781e+03    2.69353e+02    2.48448e+03
     Coulomb-14        LJ (SR)  Disper. corr.   Coulomb (SR)   Coul. recip.
    2.92948e+04    7.56827e+04   -5.20554e+03   -6.54544e+05    3.58927e+03
      Potential    Kinetic En.   Total Energy  Conserved En.    Temperature
   -5.35575e+05    1.05007e+05   -4.30568e+05   -4.25069e+05    3.03545e+02
 Pres. DC (bar) Pressure (bar)   Constr. rmsd
   -2.11235e+02    1.18285e+02    2.82451e-06

           Step           Time
          60000      120.00000

   Energies (kJ/mol)
           Bond          Angle    Proper Dih. Per. Imp. Dih.          LJ-14
    1.88392e+03    5.03326e+03    6.05036e+03    3.32114e+02    2.39407e+03
     Coulomb-14        LJ (SR)  Disper. corr.   Coulomb (SR)   Coul. recip.
    2.92422e+04    7.70367e+04   -5.18573e+03   -6.55512e+05    3.71582e+03
      Potential    Kinetic En.   Total Energy  Conserved En.    Temperature
   -5.35010e+05    1.03481e+05   -4.31528e+05   -4.24860e+05    2.99135e+02
 Pres. DC (bar) Pressure (bar)   Constr. rmsd
   -2.09633e+02    2.01853e+02    2.62788e-06

           Step           Time
          65000      130.00000

   Energies (kJ/mol)
           Bond          Angle    Proper Dih. Per. Imp. Dih.          LJ-14
    1.89638e+03    5.03695e+03    6.12438e+03    3.04909e+02    2.45870e+03
     Coulomb-14        LJ (SR)  Disper. corr.   Coulomb (SR)   Coul. recip.
    2.93766e+04    7.62497e+04   -5.16638e+03   -6.53190e+05    3.70102e+03
      Potential    Kinetic En.   Total Energy  Conserved En.    Temperature
   -5.33208e+05    1.03629e+05   -4.29579e+05   -4.24625e+05    2.99561e+02
 Pres. DC (bar) Pressure (bar)   Constr. rmsd
   -2.08073e+02    1.06844e+02    2.83028e-06

Writing checkpoint, step 66250 at Wed Feb 19 20:13:48 2025


           Step           Time
          70000      140.00000

   Energies (kJ/mol)
           Bond          Angle    Proper Dih. Per. Imp. Dih.          LJ-14
    1.79667e+03    4.83405e+03    6.09638e+03    3.19790e+02    2.42248e+03
     Coulomb-14        LJ (SR)  Disper. corr.   Coulomb (SR)   Coul. recip.
    2.94248e+04    7.56736e+04   -5.16368e+03   -6.54719e+05    3.58336e+03
      Potential    Kinetic En.   Total Energy  Conserved En.    Temperature
   -5.35732e+05    1.04583e+05   -4.31149e+05   -4.24298e+05    3.02319e+02
 Pres. DC (bar) Pressure (bar)   Constr. rmsd
   -2.07856e+02   -1.10104e+02    2.56547e-06

           Step           Time
          75000      150.00000

   Energies (kJ/mol)
           Bond          Angle    Proper Dih. Per. Imp. Dih.          LJ-14
    1.96692e+03    4.86794e+03    6.06067e+03    3.20741e+02    2.42193e+03
     Coulomb-14        LJ (SR)  Disper. corr.   Coulomb (SR)   Coul. recip.
    2.94986e+04    7.66028e+04   -5.19237e+03   -6.56115e+05    3.61111e+03
      Potential    Kinetic En.   Total Energy  Conserved En.    Temperature
   -5.35957e+05    1.03931e+05   -4.32025e+05   -4.23898e+05    3.00436e+02
 Pres. DC (bar) Pressure (bar)   Constr. rmsd
   -2.10170e+02    2.96981e+01    2.71562e-06

           Step           Time
          80000      160.00000

   Energies (kJ/mol)
           Bond          Angle    Proper Dih. Per. Imp. Dih.          LJ-14
    1.88999e+03    5.16484e+03    5.97571e+03    2.75757e+02    2.38534e+03
     Coulomb-14        LJ (SR)  Disper. corr.   Coulomb (SR)   Coul. recip.
    2.94197e+04    7.63364e+04   -5.18113e+03   -6.54563e+05    3.64563e+03
      Potential    Kinetic En.   Total Energy  Conserved En.    Temperature
   -5.34651e+05    1.03972e+05   -4.30680e+05   -4.23510e+05    3.00552e+02
 Pres. DC (bar) Pressure (bar)   Constr. rmsd
   -2.09262e+02    4.99398e+01    3.21568e-06

           Step           Time
          85000      170.00000

   Energies (kJ/mol)
           Bond          Angle    Proper Dih. Per. Imp. Dih.          LJ-14
    1.89299e+03    4.97425e+03    6.14298e+03    2.97980e+02    2.37665e+03
     Coulomb-14        LJ (SR)  Disper. corr.   Coulomb (SR)   Coul. recip.
    2.93565e+04    7.54170e+04   -5.12593e+03   -6.52992e+05    3.79544e+03
      Potential    Kinetic En.   Total Energy  Conserved En.    Temperature
   -5.33864e+05    1.03257e+05   -4.30607e+05   -4.23010e+05    2.98486e+02
 Pres. DC (bar) Pressure (bar)   Constr. rmsd
   -2.04832e+02   -2.26721e+02    2.54242e-06

           Step           Time
          90000      180.00000

   Energies (kJ/mol)
           Bond          Angle    Proper Dih. Per. Imp. Dih.          LJ-14
    1.87571e+03    4.98266e+03    6.11750e+03    2.74608e+02    2.39247e+03
     Coulomb-14        LJ (SR)  Disper. corr.   Coulomb (SR)   Coul. recip.
    2.92871e+04    7.66986e+04   -5.16628e+03   -6.54646e+05    3.62640e+03
      Potential    Kinetic En.   Total Energy  Conserved En.    Temperature
   -5.34558e+05    1.03485e+05   -4.31073e+05   -4.22753e+05    2.99144e+02
 Pres. DC (bar) Pressure (bar)   Constr. rmsd
   -2.08065e+02    5.06628e+01    2.82472e-06

           Step           Time
          95000      190.00000

   Energies (kJ/mol)
           Bond          Angle    Proper Dih. Per. Imp. Dih.          LJ-14
    1.78529e+03    4.96486e+03    6.10796e+03    3.02165e+02    2.47625e+03
     Coulomb-14        LJ (SR)  Disper. corr.   Coulomb (SR)   Coul. recip.
    2.95101e+04    7.55805e+04   -5.17031e+03   -6.53726e+05    3.59325e+03
      Potential    Kinetic En.   Total Energy  Conserved En.    Temperature
   -5.34576e+05    1.03436e+05   -4.31140e+05   -4.22586e+05    2.99003e+02
 Pres. DC (bar) Pressure (bar)   Constr. rmsd
   -2.08390e+02   -5.65501e+01    2.49714e-06

           Step           Time
         100000      200.00000

   Energies (kJ/mol)
           Bond          Angle    Proper Dih. Per. Imp. Dih.          LJ-14
    1.70038e+03    5.03115e+03    6.15546e+03    3.34641e+02    2.40317e+03
     Coulomb-14        LJ (SR)  Disper. corr.   Coulomb (SR)   Coul. recip.
    2.94419e+04    7.61131e+04   -5.14060e+03   -6.54143e+05    3.67814e+03
      Potential    Kinetic En.   Total Energy  Conserved En.    Temperature
   -5.34425e+05    1.04809e+05   -4.29616e+05   -4.22357e+05    3.02974e+02
 Pres. DC (bar) Pressure (bar)   Constr. rmsd
   -2.06005e+02    3.57376e+01    2.51747e-06

           Step           Time
         105000      210.00000

   Energies (kJ/mol)
           Bond          Angle    Proper Dih. Per. Imp. Dih.          LJ-14
    1.74084e+03    4.95015e+03    6.01619e+03    3.01317e+02    2.45235e+03
     Coulomb-14        LJ (SR)  Disper. corr.   Coulomb (SR)   Coul. recip.
    2.94721e+04    7.64063e+04   -5.18035e+03   -6.54492e+05    3.73087e+03
      Potential    Kinetic En.   Total Energy  Conserved En.    Temperature
   -5.34602e+05    1.04245e+05   -4.30357e+05   -4.21611e+05    3.01342e+02
 Pres. DC (bar) Pressure (bar)   Constr. rmsd
   -2.09199e+02    1.18596e+02    3.02671e-06

           Step           Time
         110000      220.00000

   Energies (kJ/mol)
           Bond          Angle    Proper Dih. Per. Imp. Dih.          LJ-14
    1.83421e+03    4.90520e+03    6.16629e+03    3.29447e+02    2.35770e+03
     Coulomb-14        LJ (SR)  Disper. corr.   Coulomb (SR)   Coul. recip.
    2.93794e+04    7.70548e+04   -5.15455e+03   -6.54927e+05    3.67764e+03
      Potential    Kinetic En.   Total Energy  Conserved En.    Temperature
   -5.34377e+05    1.03544e+05   -4.30832e+05   -4.21368e+05    2.99317e+02
 Pres. DC (bar) Pressure (bar)   Constr. rmsd
   -2.07123e+02    1.12627e+01    2.86690e-06

           Step           Time
         115000      230.00000

   Energies (kJ/mol)
           Bond          Angle    Proper Dih. Per. Imp. Dih.          LJ-14
    1.78015e+03    4.99774e+03    6.08912e+03    3.24408e+02    2.41850e+03
     Coulomb-14        LJ (SR)  Disper. corr.   Coulomb (SR)   Coul. recip.
    2.94845e+04    7.61371e+04   -5.21192e+03   -6.54318e+05    3.69803e+03
      Potential    Kinetic En.   Total Energy  Conserved En.    Temperature
   -5.34600e+05    1.03482e+05   -4.31118e+05   -4.20965e+05    2.99136e+02
 Pres. DC (bar) Pressure (bar)   Constr. rmsd
   -2.11753e+02    1.16595e+02    2.69671e-06

           Step           Time
         120000      240.00000

   Energies (kJ/mol)
           Bond          Angle    Proper Dih. Per. Imp. Dih.          LJ-14
    1.95822e+03    4.86922e+03    6.03300e+03    3.13809e+02    2.34659e+03
     Coulomb-14        LJ (SR)  Disper. corr.   Coulomb (SR)   Coul. recip.
    2.92933e+04    7.54067e+04   -5.15140e+03   -6.51632e+05    3.72420e+03
      Potential    Kinetic En.   Total Energy  Conserved En.    Temperature
   -5.32839e+05    1.03698e+05   -4.29140e+05   -4.20252e+05    2.99762e+02
 Pres. DC (bar) Pressure (bar)   Constr. rmsd
   -2.06870e+02    3.85174e+01    2.79823e-06

           Step           Time
         125000      250.00000

   Energies (kJ/mol)
           Bond          Angle    Proper Dih. Per. Imp. Dih.          LJ-14
    1.78874e+03    4.95848e+03    6.12052e+03    2.85989e+02    2.46884e+03
     Coulomb-14        LJ (SR)  Disper. corr.   Coulomb (SR)   Coul. recip.
    2.94471e+04    7.77592e+04   -5.20175e+03   -6.56692e+05    3.63647e+03
      Potential    Kinetic En.   Total Energy  Conserved En.    Temperature
   -5.35428e+05    1.03690e+05   -4.31738e+05   -4.19924e+05    2.99739e+02
 Pres. DC (bar) Pressure (bar)   Constr. rmsd
   -2.10929e+02    3.90829e+02    2.69555e-06

           Step           Time
         130000      260.00000

   Energies (kJ/mol)
           Bond          Angle    Proper Dih. Per. Imp. Dih.          LJ-14
    1.80622e+03    4.91191e+03    6.20862e+03    3.33052e+02    2.47656e+03
     Coulomb-14        LJ (SR)  Disper. corr.   Coulomb (SR)   Coul. recip.
    2.94171e+04    7.74787e+04   -5.20882e+03   -6.55695e+05    3.63145e+03
      Potential    Kinetic En.   Total Energy  Conserved En.    Temperature
   -5.34640e+05    1.04587e+05   -4.30053e+05   -4.19693e+05    3.02331e+02
 Pres. DC (bar) Pressure (bar)   Constr. rmsd
   -2.11502e+02    4.74642e+02    2.86713e-06

Writing checkpoint, step 133200 at Wed Feb 19 20:28:49 2025


           Step           Time
         135000      270.00000

   Energies (kJ/mol)
           Bond          Angle    Proper Dih. Per. Imp. Dih.          LJ-14
    1.95048e+03    5.00458e+03    6.04200e+03    3.02881e+02    2.35429e+03
     Coulomb-14        LJ (SR)  Disper. corr.   Coulomb (SR)   Coul. recip.
    2.93300e+04    7.46485e+04   -5.16968e+03   -6.51785e+05    3.69810e+03
      Potential    Kinetic En.   Total Energy  Conserved En.    Temperature
   -5.33624e+05    1.03097e+05   -4.30527e+05   -4.18945e+05    2.98024e+02
 Pres. DC (bar) Pressure (bar)   Constr. rmsd
   -2.08339e+02   -1.51736e+02    3.03315e-06

           Step           Time
         140000      280.00000

   Energies (kJ/mol)
           Bond          Angle    Proper Dih. Per. Imp. Dih.          LJ-14
    1.78721e+03    5.06555e+03    6.10086e+03    3.12682e+02    2.43356e+03
     Coulomb-14        LJ (SR)  Disper. corr.   Coulomb (SR)   Coul. recip.
    2.93472e+04    7.67244e+04   -5.18643e+03   -6.54715e+05    3.70384e+03
      Potential    Kinetic En.   Total Energy  Conserved En.    Temperature
   -5.34426e+05    1.04481e+05   -4.29945e+05   -4.18666e+05    3.02024e+02
 Pres. DC (bar) Pressure (bar)   Constr. rmsd
   -2.09690e+02    1.31958e+02    2.98239e-06

           Step           Time
         145000      290.00000

   Energies (kJ/mol)
           Bond          Angle    Proper Dih. Per. Imp. Dih.          LJ-14
    1.77620e+03    4.92351e+03    6.03849e+03    3.06880e+02    2.41006e+03
     Coulomb-14        LJ (SR)  Disper. corr.   Coulomb (SR)   Coul. recip.
    2.95399e+04    7.47648e+04   -5.16205e+03   -6.52303e+05    3.70155e+03
      Potential    Kinetic En.   Total Energy  Conserved En.    Temperature
   -5.34004e+05    1.03985e+05   -4.30019e+05   -4.18303e+05    3.00590e+02
 Pres. DC (bar) Pressure (bar)   Constr. rmsd
   -2.07725e+02   -2.19103e+02    2.89306e-06

           Step           Time
         150000      300.00000

   Energies (kJ/mol)
           Bond          Angle    Proper Dih. Per. Imp. Dih.          LJ-14
    1.79522e+03    4.88474e+03    6.22958e+03    2.95412e+02    2.43258e+03
     Coulomb-14        LJ (SR)  Disper. corr.   Coulomb (SR)   Coul. recip.
    2.96120e+04    7.75604e+04   -5.16977e+03   -6.56116e+05    3.67876e+03
      Potential    Kinetic En.   Total Energy  Conserved En.    Temperature
   -5.34797e+05    1.02977e+05   -4.31820e+05   -4.17712e+05    2.97677e+02
 Pres. DC (bar) Pressure (bar)   Constr. rmsd
   -2.08347e+02    2.38513e+02    3.07381e-06

           Step           Time
         155000      310.00000

   Energies (kJ/mol)
           Bond          Angle    Proper Dih. Per. Imp. Dih.          LJ-14
    1.75223e+03    5.11895e+03    6.15012e+03    2.81890e+02    2.44498e+03
     Coulomb-14        LJ (SR)  Disper. corr.   Coulomb (SR)   Coul. recip.
    2.93755e+04    7.54826e+04   -5.15485e+03   -6.53251e+05    3.70200e+03
      Potential    Kinetic En.   Total Energy  Conserved En.    Temperature
   -5.34097e+05    1.04059e+05   -4.30038e+05   -4.17445e+05    3.00805e+02
 Pres. DC (bar) Pressure (bar)   Constr. rmsd
   -2.07146e+02   -8.85972e+01    2.86298e-06

           Step           Time
         160000      320.00000

   Energies (kJ/mol)
           Bond          Angle    Proper Dih. Per. Imp. Dih.          LJ-14
    1.84670e+03    4.91482e+03    6.04229e+03    2.94862e+02    2.33222e+03
     Coulomb-14        LJ (SR)  Disper. corr.   Coulomb (SR)   Coul. recip.
    2.94326e+04    7.65848e+04   -5.18258e+03   -6.55433e+05    3.71345e+03
      Potential    Kinetic En.   Total Energy  Conserved En.    Temperature
   -5.35454e+05    1.04338e+05   -4.31115e+05   -4.17147e+05    3.01612e+02
 Pres. DC (bar) Pressure (bar)   Constr. rmsd
   -2.09379e+02    1.14873e+01    2.73254e-06

           Step           Time
         165000      330.00000

   Energies (kJ/mol)
           Bond          Angle    Proper Dih. Per. Imp. Dih.          LJ-14
    1.88534e+03    4.89700e+03    6.11581e+03    3.46932e+02    2.39145e+03
     Coulomb-14        LJ (SR)  Disper. corr.   Coulomb (SR)   Coul. recip.
    2.93714e+04    7.56036e+04   -5.17793e+03   -6.53689e+05    3.72213e+03
      Potential    Kinetic En.   Total Energy  Conserved En.    Temperature
   -5.34533e+05    1.03328e+05   -4.31205e+05   -4.16964e+05    2.98690e+02
 Pres. DC (bar) Pressure (bar)   Constr. rmsd
   -2.09003e+02   -4.50037e+01    2.71742e-06

           Step           Time
         170000      340.00000

   Energies (kJ/mol)
           Bond          Angle    Proper Dih. Per. Imp. Dih.          LJ-14
    1.86403e+03    5.01483e+03    6.12024e+03    3.14850e+02    2.43509e+03
     Coulomb-14        LJ (SR)  Disper. corr.   Coulomb (SR)   Coul. recip.
    2.96339e+04    7.57681e+04   -5.18304e+03   -6.54138e+05    3.66879e+03
      Potential    Kinetic En.   Total Energy  Conserved En.    Temperature
   -5.34501e+05    1.04217e+05   -4.30283e+05   -4.16725e+05    3.01262e+02
 Pres. DC (bar) Pressure (bar)   Constr. rmsd
   -2.09416e+02    2.40083e+01    2.91764e-06

           Step           Time
         175000      350.00000

   Energies (kJ/mol)
           Bond          Angle    Proper Dih. Per. Imp. Dih.          LJ-14
    1.86687e+03    4.99165e+03    6.10053e+03    3.11583e+02    2.40723e+03
     Coulomb-14        LJ (SR)  Disper. corr.   Coulomb (SR)   Coul. recip.
    2.94781e+04    7.59655e+04   -5.16592e+03   -6.55311e+05    3.65313e+03
      Potential    Kinetic En.   Total Energy  Conserved En.    Temperature
   -5.35702e+05    1.03711e+05   -4.31991e+05   -4.16403e+05    2.99800e+02
 Pres. DC (bar) Pressure (bar)   Constr. rmsd
   -2.08036e+02   -1.55061e+02    2.80764e-06

           Step           Time
         180000      360.00000

   Energies (kJ/mol)
           Bond          Angle    Proper Dih. Per. Imp. Dih.          LJ-14
    1.78553e+03    5.01378e+03    6.14982e+03    3.05250e+02    2.48449e+03
     Coulomb-14        LJ (SR)  Disper. corr.   Coulomb (SR)   Coul. recip.
    2.95137e+04    7.48639e+04   -5.18916e+03   -6.54385e+05    3.58902e+03
      Potential    Kinetic En.   Total Energy  Conserved En.    Temperature
   -5.35869e+05    1.04080e+05   -4.31790e+05   -4.16115e+05    3.00864e+02
 Pres. DC (bar) Pressure (bar)   Constr. rmsd
   -2.09910e+02   -7.70549e+01    2.58851e-06

           Step           Time
         185000      370.00000

   Energies (kJ/mol)
           Bond          Angle    Proper Dih. Per. Imp. Dih.          LJ-14
    1.85188e+03    4.76728e+03    6.07753e+03    2.55957e+02    2.40005e+03
     Coulomb-14        LJ (SR)  Disper. corr.   Coulomb (SR)   Coul. recip.
    2.96271e+04    7.59133e+04   -5.20000e+03   -6.55104e+05    3.61717e+03
      Potential    Kinetic En.   Total Energy  Conserved En.    Temperature
   -5.35794e+05    1.03544e+05   -4.32250e+05   -4.15806e+05    2.99315e+02
 Pres. DC (bar) Pressure (bar)   Constr. rmsd
   -2.10787e+02   -2.03249e+00    2.72176e-06

           Step           Time
         190000      380.00000

   Energies (kJ/mol)
           Bond          Angle    Proper Dih. Per. Imp. Dih.          LJ-14
    1.80063e+03    4.92161e+03    6.23953e+03    3.25804e+02    2.39180e+03
     Coulomb-14        LJ (SR)  Disper. corr.   Coulomb (SR)   Coul. recip.
    2.92961e+04    7.49423e+04   -5.17741e+03   -6.52872e+05    3.70230e+03
      Potential    Kinetic En.   Total Energy  Conserved En.    Temperature
   -5.34429e+05    1.03843e+05   -4.30586e+05   -4.15534e+05    3.00180e+02
 Pres. DC (bar) Pressure (bar)   Constr. rmsd
   -2.08962e+02   -1.19972e+02    2.77264e-06

           Step           Time
         195000      390.00000

   Energies (kJ/mol)
           Bond          Angle    Proper Dih. Per. Imp. Dih.          LJ-14
    1.70257e+03    5.04580e+03    6.16167e+03    3.27989e+02    2.38042e+03
     Coulomb-14        LJ (SR)  Disper. corr.   Coulomb (SR)   Coul. recip.
    2.94050e+04    7.62325e+04   -5.22829e+03   -6.56304e+05    3.59878e+03
      Potential    Kinetic En.   Total Energy  Conserved En.    Temperature
   -5.36678e+05    1.04097e+05   -4.32581e+05   -4.15253e+05    3.00915e+02
 Pres. DC (bar) Pressure (bar)   Constr. rmsd
   -2.13084e+02    1.13869e+02    2.67927e-06

Writing checkpoint, step 199450 at Wed Feb 19 20:43:48 2025


           Step           Time
         200000      400.00000

   Energies (kJ/mol)
           Bond          Angle    Proper Dih. Per. Imp. Dih.          LJ-14
    1.76442e+03    4.90903e+03    6.14248e+03    3.31777e+02    2.33491e+03
     Coulomb-14        LJ (SR)  Disper. corr.   Coulomb (SR)   Coul. recip.
    2.92887e+04    7.68826e+04   -5.16565e+03   -6.54959e+05    3.69432e+03
      Potential    Kinetic En.   Total Energy  Conserved En.    Temperature
   -5.34776e+05    1.03475e+05   -4.31301e+05   -4.14887e+05    2.99116e+02
 Pres. DC (bar) Pressure (bar)   Constr. rmsd
   -2.08015e+02   -2.85803e+01    2.73461e-06

           Step           Time
         205000      410.00000

   Energies (kJ/mol)
           Bond          Angle    Proper Dih. Per. Imp. Dih.          LJ-14
    1.72084e+03    4.83486e+03    6.12411e+03    3.27384e+02    2.47932e+03
     Coulomb-14        LJ (SR)  Disper. corr.   Coulomb (SR)   Coul. recip.
    2.94904e+04    7.72454e+04   -5.19100e+03   -6.56801e+05    3.69653e+03
      Potential    Kinetic En.   Total Energy  Conserved En.    Temperature
   -5.36073e+05    1.03836e+05   -4.32237e+05   -4.14517e+05    3.00160e+02
 Pres. DC (bar) Pressure (bar)   Constr. rmsd
   -2.10059e+02    2.16346e+02    2.87038e-06

           Step           Time
         210000      420.00000

   Energies (kJ/mol)
           Bond          Angle    Proper Dih. Per. Imp. Dih.          LJ-14
    1.89881e+03    4.92650e+03    6.14782e+03    3.17406e+02    2.44197e+03
     Coulomb-14        LJ (SR)  Disper. corr.   Coulomb (SR)   Coul. recip.
    2.94237e+04    7.63818e+04   -5.18665e+03   -6.55635e+05    3.59194e+03
      Potential    Kinetic En.   Total Energy  Conserved En.    Temperature
   -5.35691e+05    1.03825e+05   -4.31866e+05   -4.14303e+05    3.00128e+02
 Pres. DC (bar) Pressure (bar)   Constr. rmsd
   -2.09708e+02   -2.41145e-01    2.70103e-06

           Step           Time
         215000      430.00000

   Energies (kJ/mol)
           Bond          Angle    Proper Dih. Per. Imp. Dih.          LJ-14
    1.83116e+03    4.75233e+03    6.08410e+03    3.06174e+02    2.34787e+03
     Coulomb-14        LJ (SR)  Disper. corr.   Coulomb (SR)   Coul. recip.
    2.95403e+04    7.72386e+04   -5.20612e+03   -6.56554e+05    3.65945e+03
      Potential    Kinetic En.   Total Energy  Conserved En.    Temperature
   -5.36000e+05    1.03407e+05   -4.32593e+05   -4.13814e+05    2.98921e+02
 Pres. DC (bar) Pressure (bar)   Constr. rmsd
   -2.11283e+02    1.10737e+02    2.74840e-06

           Step           Time
         220000      440.00000

   Energies (kJ/mol)
           Bond          Angle    Proper Dih. Per. Imp. Dih.          LJ-14
    1.79701e+03    5.06293e+03    6.07182e+03    3.24586e+02    2.47593e+03
     Coulomb-14        LJ (SR)  Disper. corr.   Coulomb (SR)   Coul. recip.
    2.94685e+04    7.64824e+04   -5.20545e+03   -6.55710e+05    3.68569e+03
      Potential    Kinetic En.   Total Energy  Conserved En.    Temperature
   -5.35546e+05    1.03795e+05   -4.31751e+05   -4.13175e+05    3.00042e+02
 Pres. DC (bar) Pressure (bar)   Constr. rmsd
   -2.11229e+02    1.36661e+02    2.88977e-06

           Step           Time
         225000      450.00000

   Energies (kJ/mol)
           Bond          Angle    Proper Dih. Per. Imp. Dih.          LJ-14
    1.88679e+03    4.91067e+03    6.09490e+03    3.31832e+02    2.39354e+03
     Coulomb-14        LJ (SR)  Disper. corr.   Coulomb (SR)   Coul. recip.
    2.92972e+04    7.63205e+04   -5.21547e+03   -6.55664e+05    3.57136e+03
      Potential    Kinetic En.   Total Energy  Conserved En.    Temperature
   -5.36073e+05    1.03736e+05   -4.32337e+05   -4.12887e+05    2.99872e+02
 Pres. DC (bar) Pressure (bar)   Constr. rmsd
   -2.12041e+02    1.26375e+02    2.88027e-06

           Step           Time
         230000      460.00000

   Energies (kJ/mol)
           Bond          Angle    Proper Dih. Per. Imp. Dih.          LJ-14
    1.95748e+03    4.96037e+03    6.05528e+03    3.03081e+02    2.40568e+03
     Coulomb-14        LJ (SR)  Disper. corr.   Coulomb (SR)   Coul. recip.
    2.94118e+04    7.71961e+04   -5.21559e+03   -6.55283e+05    3.72679e+03
      Potential    Kinetic En.   Total Energy  Conserved En.    Temperature
   -5.34482e+05    1.03781e+05   -4.30700e+05   -4.12614e+05    3.00001e+02
 Pres. DC (bar) Pressure (bar)   Constr. rmsd
   -2.12052e+02    1.91270e+02    3.18300e-06

           Step           Time
         235000      470.00000

   Energies (kJ/mol)
           Bond          Angle    Proper Dih. Per. Imp. Dih.          LJ-14
    1.88939e+03    4.87690e+03    6.08299e+03    3.36585e+02    2.43640e+03
     Coulomb-14        LJ (SR)  Disper. corr.   Coulomb (SR)   Coul. recip.
    2.95610e+04    7.57917e+04   -5.19965e+03   -6.54095e+05    3.64029e+03
      Potential    Kinetic En.   Total Energy  Conserved En.    Temperature
   -5.34679e+05    1.04210e+05   -4.30469e+05   -4.12338e+05    3.01241e+02
 Pres. DC (bar) Pressure (bar)   Constr. rmsd
   -2.10759e+02    5.05388e+01    2.77522e-06

           Step           Time
         240000      480.00000

   Energies (kJ/mol)
           Bond          Angle    Proper Dih. Per. Imp. Dih.          LJ-14
    1.84251e+03    4.93276e+03    6.11734e+03    3.33715e+02    2.31802e+03
     Coulomb-14        LJ (SR)  Disper. corr.   Coulomb (SR)   Coul. recip.
    2.92943e+04    7.64678e+04   -5.21292e+03   -6.54255e+05    3.70879e+03
      Potential    Kinetic En.   Total Energy  Conserved En.    Temperature
   -5.34453e+05    1.03573e+05   -4.30879e+05   -4.12089e+05    2.99401e+02
 Pres. DC (bar) Pressure (bar)   Constr. rmsd
   -2.11834e+02    1.15534e+02    2.93746e-06

           Step           Time
         245000      490.00000

   Energies (kJ/mol)
           Bond          Angle    Proper Dih. Per. Imp. Dih.          LJ-14
    1.77806e+03    4.84074e+03    6.04549e+03    3.15622e+02    2.36779e+03
     Coulomb-14        LJ (SR)  Disper. corr.   Coulomb (SR)   Coul. recip.
    2.95091e+04    7.65736e+04   -5.16824e+03   -6.54729e+05    3.71494e+03
      Potential    Kinetic En.   Total Energy  Conserved En.    Temperature
   -5.34752e+05    1.02954e+05   -4.31798e+05   -4.11855e+05    2.97610e+02
 Pres. DC (bar) Pressure (bar)   Constr. rmsd
   -2.08223e+02   -1.57651e+00    2.51000e-06

           Step           Time
         250000      500.00000

   Energies (kJ/mol)
           Bond          Angle    Proper Dih. Per. Imp. Dih.          LJ-14
    1.90767e+03    4.77199e+03    6.10295e+03    3.14108e+02    2.31699e+03
     Coulomb-14        LJ (SR)  Disper. corr.   Coulomb (SR)   Coul. recip.
    2.93119e+04    7.61529e+04   -5.18478e+03   -6.55824e+05    3.65679e+03
      Potential    Kinetic En.   Total Energy  Conserved En.    Temperature
   -5.36473e+05    1.03422e+05   -4.33051e+05   -4.11655e+05    2.98963e+02
 Pres. DC (bar) Pressure (bar)   Constr. rmsd
   -2.09557e+02   -1.88324e+02    2.93986e-06

           Step           Time
         255000      510.00000

   Energies (kJ/mol)
           Bond          Angle    Proper Dih. Per. Imp. Dih.          LJ-14
    1.87203e+03    5.02430e+03    6.11615e+03    3.53192e+02    2.39948e+03
     Coulomb-14        LJ (SR)  Disper. corr.   Coulomb (SR)   Coul. recip.
    2.93437e+04    7.53260e+04   -5.14206e+03   -6.53109e+05    3.72800e+03
      Potential    Kinetic En.   Total Energy  Conserved En.    Temperature
   -5.34088e+05    1.03805e+05   -4.30283e+05   -4.11346e+05    3.00071e+02
 Pres. DC (bar) Pressure (bar)   Constr. rmsd
   -2.06121e+02   -1.34419e+02    2.95307e-06

           Step           Time
         260000      520.00000

   Energies (kJ/mol)
           Bond          Angle    Proper Dih. Per. Imp. Dih.          LJ-14
    1.91005e+03    4.98454e+03    6.10933e+03    3.25121e+02    2.36705e+03
     Coulomb-14        LJ (SR)  Disper. corr.   Coulomb (SR)   Coul. recip.
    2.95060e+04    7.56036e+04   -5.17418e+03   -6.53776e+05    3.55167e+03
      Potential    Kinetic En.   Total Energy  Conserved En.    Temperature
   -5.34593e+05    1.03364e+05   -4.31229e+05   -4.11016e+05    2.98795e+02
 Pres. DC (bar) Pressure (bar)   Constr. rmsd
   -2.08702e+02   -9.46956e+01    3.06036e-06

           Step           Time
         265000      530.00000

   Energies (kJ/mol)
           Bond          Angle    Proper Dih. Per. Imp. Dih.          LJ-14
    1.73945e+03    4.96145e+03    6.06795e+03    2.74148e+02    2.39795e+03
     Coulomb-14        LJ (SR)  Disper. corr.   Coulomb (SR)   Coul. recip.
    2.94708e+04    7.58233e+04   -5.19719e+03   -6.55702e+05    3.66343e+03
      Potential    Kinetic En.   Total Energy  Conserved En.    Temperature
   -5.36501e+05    1.03642e+05   -4.32859e+05   -4.10759e+05    2.99599e+02
 Pres. DC (bar) Pressure (bar)   Constr. rmsd
   -2.10559e+02    3.16816e+01    2.66875e-06

Writing checkpoint, step 266050 at Wed Feb 19 20:58:48 2025


           Step           Time
         270000      540.00000

   Energies (kJ/mol)
           Bond          Angle    Proper Dih. Per. Imp. Dih.          LJ-14
    1.71982e+03    4.81312e+03    6.02008e+03    3.01457e+02    2.40962e+03
     Coulomb-14        LJ (SR)  Disper. corr.   Coulomb (SR)   Coul. recip.
    2.94642e+04    7.54454e+04   -5.16843e+03   -6.54145e+05    3.63936e+03
      Potential    Kinetic En.   Total Energy  Conserved En.    Temperature
   -5.35501e+05    1.03484e+05   -4.32017e+05   -4.10468e+05    2.99142e+02
 Pres. DC (bar) Pressure (bar)   Constr. rmsd
   -2.08238e+02   -8.30568e+01    2.80674e-06

           Step           Time
         275000      550.00000

Writing checkpoint, step 275000 at Wed Feb 19 21:00:49 2025


   Energies (kJ/mol)
           Bond          Angle    Proper Dih. Per. Imp. Dih.          LJ-14
    1.89463e+03    4.85053e+03    6.11265e+03    3.67092e+02    2.38826e+03
     Coulomb-14        LJ (SR)  Disper. corr.   Coulomb (SR)   Coul. recip.
    2.93102e+04    7.52078e+04   -5.17793e+03   -6.53267e+05    3.60412e+03
      Potential    Kinetic En.   Total Energy  Conserved En.    Temperature
   -5.34709e+05    1.04404e+05   -4.30305e+05   -4.10105e+05    3.01803e+02
 Pres. DC (bar) Pressure (bar)   Constr. rmsd
   -2.09004e+02   -1.30398e+02    2.82578e-06


Energy conservation over simulation part #1 of length 550 ps, time 0 to 550 ps
  Conserved energy drift: 1.02e-03 kJ/mol/ps per atom


	<======  ###############  ==>
	<====  A V E R A G E S  ====>
	<==  ###############  ======>

	Statistics over 275001 steps using 2751 frames

   Energies (kJ/mol)
           Bond          Angle    Proper Dih. Per. Imp. Dih.          LJ-14
    1.84332e+03    4.95790e+03    6.09876e+03    3.15899e+02    2.40342e+03
     Coulomb-14        LJ (SR)  Disper. corr.   Coulomb (SR)   Coul. recip.
    2.93995e+04    7.60868e+04   -5.17803e+03   -6.54442e+05    3.66142e+03
      Potential    Kinetic En.   Total Energy  Conserved En.    Temperature
   -5.34854e+05    1.03766e+05   -4.31087e+05   -4.19273e+05    2.99958e+02
 Pres. DC (bar) Pressure (bar)   Constr. rmsd
   -2.09017e+02    1.12224e+00    0.00000e+00

          Box-X          Box-Y          Box-Z
    7.44030e+00    7.44030e+00    7.44030e+00

   Total Virial (kJ/mol)
    3.46048e+04    4.99267e+01   -7.16753e+01
    4.99746e+01    3.45714e+04   -2.23195e-01
   -7.15350e+01   -5.86626e-02    3.45675e+04

   Pressure (bar)
   -8.07923e-01   -2.20346e+00    4.39849e+00
   -2.20732e+00    2.87153e+00    1.70252e+00
    4.38720e+00    1.68925e+00    1.30312e+00

      T-Protein  T-non-Protein
    3.00105e+02    2.99946e+02


	M E G A - F L O P S   A C C O U N T I N G

 NB=Group-cutoff nonbonded kernels    NxN=N-by-N cluster Verlet kernels
 RF=Reaction-Field  VdW=Van der Waals  QSTab=quadratic-spline table
 W3=SPC/TIP3p  W4=TIP4p (single or pairs)
 V&F=Potential and force  V=Potential only  F=Force only

 Computing:                               M-Number         M-Flops  % Flops
-----------------------------------------------------------------------------
 Pair Search distance check           81513.508566      733621.577     0.3
 NxN QSTab Elec. + LJ [F]           2919343.484736   119693082.874    52.4
 NxN QSTab Elec. + LJ [V&F]           29498.866480     1740433.122     0.8
 NxN QSTab Elec. [F]                2576780.829840    87610548.215    38.4
 NxN QSTab Elec. [V&F]                26037.153440     1067523.291     0.5
 1,4 nonbonded interactions            1703.631195      153326.808     0.1
 Calc Weights                         33825.123000     1217704.428     0.5
 Spread Q Bspline                    721602.624000     1443205.248     0.6
 Gather F Bspline                    721602.624000     4329615.744     1.9
 3D-FFT                             1019129.505912     8153036.047     3.6
 Solve PME                              633.602304       40550.547     0.0
 Reset In Box                           225.500000         676.500     0.0
 CG-CoM                                 225.541000         676.623     0.0
 Bonds                                  342.651246       20216.424     0.0
 Angles                                1184.704308      199030.324     0.1
 Propers                               1843.056702      422059.985     0.2
 Impropers                              141.900516       29515.307     0.0
 Virial                                 225.788545        4064.194     0.0
 Stop-CM                                112.791000        1127.910     0.0
 Calc-Ekin                             2255.082000       60887.214     0.0
 Lincs                                  317.076153       19024.569     0.0
 Lincs-Mat                             1570.805712        6283.223     0.0
 Constraint-V                         11257.715937      101319.443     0.0
 Constraint-Vir                         218.851784        5252.443     0.0
 Settle                                3541.187877     1310239.514     0.6
-----------------------------------------------------------------------------
 Total                                               228363021.574   100.0
-----------------------------------------------------------------------------


    D O M A I N   D E C O M P O S I T I O N   S T A T I S T I C S

 av. #atoms communicated per step for force:  2 x 0.0


      R E A L   C Y C L E   A N D   T I M E   A C C O U N T I N G

On 1 MPI rank, each using 12 OpenMP threads

 Activity:              Num   Num      Call    Wall time         Giga-Cycles
                        Ranks Threads  Count      (s)         total sum    %
--------------------------------------------------------------------------------
 Domain decomp.            1   12       5500      37.371       1342.786   1.0
 Neighbor search           1   12       5501      61.802       2220.614   1.7
 Force                     1   12     275001    2535.001      91085.634  68.1
 PME mesh                  1   12     275001     767.810      27588.348  20.6
 NB X/F buffer ops.        1   12     544501     117.761       4231.309   3.2
 Write traj.               1   12         60       1.027         36.900   0.0
 Update                    1   12     275001      94.407       3392.157   2.5
 Constraints               1   12     275001      91.702       3294.971   2.5
 Rest                                             14.481        520.317   0.4
--------------------------------------------------------------------------------
 Total                                          3721.363     133713.037 100.0
--------------------------------------------------------------------------------
 Breakdown of PME mesh activities
--------------------------------------------------------------------------------
 PME spread                1   12     275001     353.551      12703.529   9.5
 PME gather                1   12     275001     237.316       8527.045   6.4
 PME 3D-FFT                1   12     550002     154.461       5549.957   4.2
 PME solve Elec            1   12     275001       9.802        352.199   0.3
--------------------------------------------------------------------------------

               Core t (s)   Wall t (s)        (%)
       Time:    44656.355     3721.363     1200.0
                         1h02:01
                 (ns/day)    (hour/ns)
Performance:       12.770        1.879
Finished mdrun on rank 0 Wed Feb 19 21:00:49 2025

