============================================================================
| ACPYPE: AnteChamber PYthon Parser interfacE v. 2023.10.27 (c) 2025 AWSdS |
============================================================================
DEBUG: CLI: -i excess.pdb -o gmx -f
DEBUG: Python Version 3.12.3 (main, Jan 17 2025, 18:03:48) [GCC 13.3.0]
DEBUG: Max execution time tolerance is 3h
ERROR: Atoms TOO scattered (> 3.0 Ang.)
ERROR: ++++++++++start_quote+++++++++++++++++++++++++++++++++++++++++++++++++++++++++++
ERROR: ['HETATM16033 MN ']
['HETATM16034 MN ']
['HETATM16035 MN ']
ERROR: ++++++++++end_quote+++++++++++++++++++++++++++++++++++++++++++++++++++++++++++++
WARNING: You chose to proceed anyway with '-f' option. GOOD LUCK!
DEBUG: setResNameCheckCoords done
WARNING: no charge value given, trying to guess one...
DEBUG: guessCharge: /external/Programming/Amrita/IMS/sem2/bin/obabel -ipdb excess.pdb -omol2 -O excess.mol2
DEBUG: ==============================
*** Open Babel Error in ReadMolecule
 ERROR: not a valid PDB file

0 molecules converted
DEBUG: /external/Programming/Amrita/IMS/sem2/lib/python3.12/site-packages/acpype/amber_linux/bin/antechamber -dr no -i /external/Programming/Amrita/IMS/gromacs/excess/.acpype_tmp_excess/excess.mol2 -fi mol2 -o tmp -fo mol2 -c gas -pf n
DEBUG: /external/Programming/Amrita/IMS/sem2/lib/python3.12/site-packages/acpype/amber_linux/bin/antechamber -dr no -i tmp -fi mol2 -o tmp -fo mol2 -c wc -cf tmp.crg -pf n
DEBUG: ++++++++++start_quote+++++++++++++++++++++++++++++++++++++++++++++++++++++++++++
DEBUG: 
Welcome to antechamber 22.0: molecular input file processor.

Info: The atom type is set to gaff; the options available to the -at flag are
 gaff, gaff2, amber, bcc, and sybyl.


DEBUG: ++++++++++end_quote+++++++++++++++++++++++++++++++++++++++++++++++++++++++++++++
DEBUG: readMol2TotalCharge: 0
ERROR: guessCharge failed
ERROR: ++++++++++start_quote+++++++++++++++++++++++++++++++++++++++++++++++++++++++++++
ERROR: Welcome to antechamber 22.0: molecular input file processor.

Info: The atom type is set to gaff; the options available to the -at flag are
 gaff, gaff2, amber, bcc, and sybyl.
ERROR: ++++++++++end_quote+++++++++++++++++++++++++++++++++++++++++++++++++++++++++++++
==> Trying with net charge = 0 ...
DEBUG: Net charge drift '0.000000'
==> ... charge set to 0
==> ... converting pdb input file to mol2 input file
DEBUG: /external/Programming/Amrita/IMS/sem2/bin/obabel -ipdb excess.pdb -omol2 -O excess.mol2
==> * Babel OK *
==> Executing Antechamber...
DEBUG: /external/Programming/Amrita/IMS/sem2/lib/python3.12/site-packages/acpype/amber_linux/bin/antechamber -dr no -i excess.mol2 -fi mol2 -o excess_bcc_gaff2.mol2 -fo mol2 -c bcc -nc 0 -m 1 -s 2 -df 2 -at gaff2 -pf n 
DEBUG: No file left to be removed
ERROR: ++++++++++start_quote+++++++++++++++++++++++++++++++++++++++++++++++++++++++++++
ERROR: 
Welcome to antechamber 22.0: molecular input file processor.

Info: The atom type is set to gaff2; the options available to the -at flag are
 gaff, gaff2, amber, bcc, and sybyl.

Info: Finished reading file (excess.mol2); atoms read (0), bonds read (0).
Info: Determining atomic numbers from atomic symbols which are case sensitive.

Running: /external/Programming/Amrita/IMS/sem2/lib/python3.12/site-packages/acpype/amber_linux/bin/atomtype -i ANTECHAMBER_AC.AC0 -o ANTECHAMBER_AC.AC -p gaff2
Info: Total number of electrons: 0; net charge: 0

Running: /external/Programming/Amrita/IMS/sem2/lib/python3.12/site-packages/acpype/amber_linux/bin/sqm -O -i sqm.in -o sqm.out
/external/Programming/Amrita/IMS/sem2/lib/python3.12/site-packages/acpype/amber_linux/bin/sqm: error while loading shared libraries: libarpack.so.2: cannot open shared object file: No such file or directory
/external/Programming/Amrita/IMS/sem2/lib/python3.12/site-packages/acpype/amber_linux/bin/wrapped_progs/antechamber: Fatal Error!
Cannot properly run "/external/Programming/Amrita/IMS/sem2/lib/python3.12/site-packages/acpype/amber_linux/bin/sqm -O -i sqm.in -o sqm.out".

ERROR: ++++++++++end_quote+++++++++++++++++++++++++++++++++++++++++++++++++++++++++++++
ERROR: Antechamber failed
DEBUG: /external/Programming/Amrita/IMS/sem2/lib/python3.12/site-packages/acpype/amber_linux/bin/parmchk2 -i excess_bcc_gaff2.mol2 -f mol2 -o excess_AC.frcmod -s 2
ERROR: ++++++++++start_quote+++++++++++++++++++++++++++++++++++++++++++++++++++++++++++
ERROR: Cannot open file (excess_bcc_gaff2.mol2) with mode (r).
No such file or directory
ERROR: ++++++++++end_quote+++++++++++++++++++++++++++++++++++++++++++++++++++++++++++++
ERROR: Parmchk failed
ERROR: Tleap failed
==> Removing temporary files...
ERROR: ACPYPE FAILED: [Errno 2] No such file or directory: 'excess_AC.prmtop'
Traceback (most recent call last):
  File "/external/Programming/Amrita/IMS/sem2/lib/python3.12/site-packages/acpype/cli.py", line 138, in init_main
    molecule.createMolTopol()
  File "/external/Programming/Amrita/IMS/sem2/lib/python3.12/site-packages/acpype/topol.py", line 1115, in createMolTopol
    self.topFileData = open(self.acTopFileName).readlines()
                       ^^^^^^^^^^^^^^^^^^^^^^^^
FileNotFoundError: [Errno 2] No such file or directory: 'excess_AC.prmtop'
Total time of execution: less than a second
DEBUG: No tmp folder left to be removed
